# JRE version: OpenJDK Runtime Environment (21.0.7) (build 21.0.7+-13880790-b1038.58)
# Java VM: OpenJDK 64-Bit Server VM (21.0.7+-13880790-b1038.58, mixed mode, tiered, compressed oops, compressed class ptrs, g1 gc, windows-amd64)
GC Precious Log:
 CardTable entry size: 512
 Card Set container configuration: InlinePtr #cards 4 size 8 Array Of Cards #cards 32 size 80 Howl #buckets 8 coarsen threshold 7372 Howl Bitmap #cards 1024 size 144 coarsen threshold 921 Card regions per heap region 1 cards per card region 8192
 CPUs: 4 total, 4 available
 Memory: 32648M
 Large Page Support: Disabled
 NUMA Support: Disabled
 Compressed Oops: Enabled (Zero based)
 Heap Region Size: 4M
 Heap Min Capacity: 8M
 Heap Initial Capacity: 512M
 Heap Max Capacity: 8G
 Pre-touch: Disabled
 Parallel Workers: 4
 Concurrent Workers: 1
 Concurrent Refinement Workers: 4
 Periodic GC: Disabled
Heap:
 garbage-first heap   total 425984K, used 197438K [0x0000000600000000, 0x0000000800000000)
  region size 4096K, 9 young (36864K), 5 survivors (20480K)
 Metaspace       used 144346K, committed 146880K, reserved 1179648K
  class space    used 19871K, committed 21120K, reserved 1048576K
GC Heap History (20 events):
Event: 43.552 GC heap before
{Heap before GC invocations=36 (full 0):
 garbage-first heap   total 241664K, used 207013K [0x0000000600000000, 0x0000000800000000)
  region size 4096K, 22 young (90112K), 3 survivors (12288K)
 Metaspace       used 124252K, committed 126464K, reserved 1179648K
  class space    used 17254K, committed 18304K, reserved 1048576K
}
Event: 43.576 GC heap after
{Heap after GC invocations=37 (full 0):
 garbage-first heap   total 241664K, used 141069K [0x0000000600000000, 0x0000000800000000)
  region size 4096K, 2 young (8192K), 2 survivors (8192K)
 Metaspace       used 124252K, committed 126464K, reserved 1179648K
  class space    used 17254K, committed 18304K, reserved 1048576K
}
Event: 45.166 GC heap before
{Heap before GC invocations=37 (full 0):
 garbage-first heap   total 241664K, used 214797K [0x0000000600000000, 0x0000000800000000)
  region size 4096K, 20 young (81920K), 2 survivors (8192K)
 Metaspace       used 126849K, committed 129088K, reserved 1179648K
  class space    used 17675K, committed 18752K, reserved 1048576K
}
Event: 45.186 GC heap after
{Heap after GC invocations=38 (full 0):
 garbage-first heap   total 241664K, used 149254K [0x0000000600000000, 0x0000000800000000)
  region size 4096K, 3 young (12288K), 3 survivors (12288K)
 Metaspace       used 126849K, committed 129088K, reserved 1179648K
  class space    used 17675K, committed 18752K, reserved 1048576K
}
Event: 46.552 GC heap before
{Heap before GC invocations=38 (full 0):
 garbage-first heap   total 241664K, used 206598K [0x0000000600000000, 0x0000000800000000)
  region size 4096K, 17 young (69632K), 3 survivors (12288K)
 Metaspace       used 132312K, committed 134656K, reserved 1179648K
  class space    used 18416K, committed 19520K, reserved 1048576K
}
Event: 46.572 GC heap after
{Heap after GC invocations=39 (full 0):
 garbage-first heap   total 241664K, used 153488K [0x0000000600000000, 0x0000000800000000)
  region size 4096K, 1 young (4096K), 1 survivors (4096K)
 Metaspace       used 132312K, committed 134656K, reserved 1179648K
  class space    used 18416K, committed 19520K, reserved 1048576K
}
Event: 48.639 GC heap before
{Heap before GC invocations=40 (full 0):
 garbage-first heap   total 262144K, used 214928K [0x0000000600000000, 0x0000000800000000)
  region size 4096K, 17 young (69632K), 1 survivors (4096K)
 Metaspace       used 135014K, committed 137280K, reserved 1179648K
  class space    used 18803K, committed 19904K, reserved 1048576K
}
Event: 48.657 GC heap after
{Heap after GC invocations=41 (full 0):
 garbage-first heap   total 262144K, used 160314K [0x0000000600000000, 0x0000000800000000)
  region size 4096K, 3 young (12288K), 3 survivors (12288K)
 Metaspace       used 135014K, committed 137280K, reserved 1179648K
  class space    used 18803K, committed 19904K, reserved 1048576K
}
Event: 63.389 GC heap before
{Heap before GC invocations=41 (full 0):
 garbage-first heap   total 262144K, used 225850K [0x0000000600000000, 0x0000000800000000)
  region size 4096K, 20 young (81920K), 3 survivors (12288K)
 Metaspace       used 136092K, committed 138368K, reserved 1179648K
  class space    used 18950K, committed 20032K, reserved 1048576K
}
Event: 63.418 GC heap after
{Heap after GC invocations=42 (full 0):
 garbage-first heap   total 315392K, used 165836K [0x0000000600000000, 0x0000000800000000)
  region size 4096K, 2 young (8192K), 2 survivors (8192K)
 Metaspace       used 136092K, committed 138368K, reserved 1179648K
  class space    used 18950K, committed 20032K, reserved 1048576K
}
Event: 67.769 GC heap before
{Heap before GC invocations=42 (full 0):
 garbage-first heap   total 315392K, used 260044K [0x0000000600000000, 0x0000000800000000)
  region size 4096K, 27 young (110592K), 2 survivors (8192K)
 Metaspace       used 138684K, committed 141056K, reserved 1179648K
  class space    used 19164K, committed 20352K, reserved 1048576K
}
Event: 67.787 GC heap after
{Heap after GC invocations=43 (full 0):
 garbage-first heap   total 315392K, used 168584K [0x0000000600000000, 0x0000000800000000)
  region size 4096K, 3 young (12288K), 3 survivors (12288K)
 Metaspace       used 138684K, committed 141056K, reserved 1179648K
  class space    used 19164K, committed 20352K, reserved 1048576K
}
Event: 67.880 GC heap before
{Heap before GC invocations=43 (full 0):
 garbage-first heap   total 315392K, used 209544K [0x0000000600000000, 0x0000000800000000)
  region size 4096K, 4 young (16384K), 3 survivors (12288K)
 Metaspace       used 138702K, committed 141120K, reserved 1179648K
  class space    used 19167K, committed 20352K, reserved 1048576K
}
Event: 67.898 GC heap after
{Heap after GC invocations=44 (full 0):
 garbage-first heap   total 315392K, used 209971K [0x0000000600000000, 0x0000000800000000)
  region size 4096K, 2 young (8192K), 2 survivors (8192K)
 Metaspace       used 138702K, committed 141120K, reserved 1179648K
  class space    used 19167K, committed 20352K, reserved 1048576K
}
Event: 70.709 GC heap before
{Heap before GC invocations=45 (full 0):
 garbage-first heap   total 425984K, used 316467K [0x0000000600000000, 0x0000000800000000)
  region size 4096K, 20 young (81920K), 2 survivors (8192K)
 Metaspace       used 141033K, committed 143424K, reserved 1179648K
  class space    used 19434K, committed 20608K, reserved 1048576K
}
Event: 70.729 GC heap after
{Heap after GC invocations=46 (full 0):
 garbage-first heap   total 425984K, used 253864K [0x0000000600000000, 0x0000000800000000)
  region size 4096K, 3 young (12288K), 3 survivors (12288K)
 Metaspace       used 141033K, committed 143424K, reserved 1179648K
  class space    used 19434K, committed 20608K, reserved 1048576K
}
Event: 76.230 GC heap before
{Heap before GC invocations=46 (full 0):
 garbage-first heap   total 425984K, used 380840K [0x0000000600000000, 0x0000000800000000)
  region size 4096K, 35 young (143360K), 3 survivors (12288K)
 Metaspace       used 142972K, committed 145408K, reserved 1179648K
  class space    used 19689K, committed 20864K, reserved 1048576K
}
Event: 76.255 GC heap after
{Heap after GC invocations=47 (full 0):
 garbage-first heap   total 425984K, used 177611K [0x0000000600000000, 0x0000000800000000)
  region size 4096K, 4 young (16384K), 4 survivors (16384K)
 Metaspace       used 142972K, committed 145408K, reserved 1179648K
  class space    used 19689K, committed 20864K, reserved 1048576K
}
Event: 310.285 GC heap before
{Heap before GC invocations=47 (full 0):
 garbage-first heap   total 425984K, used 366027K [0x0000000600000000, 0x0000000800000000)
  region size 4096K, 51 young (208896K), 4 survivors (16384K)
 Metaspace       used 144292K, committed 146688K, reserved 1179648K
  class space    used 19867K, committed 21056K, reserved 1048576K
}
Event: 310.323 GC heap after
{Heap after GC invocations=48 (full 0):
 garbage-first heap   total 425984K, used 185150K [0x0000000600000000, 0x0000000800000000)
  region size 4096K, 5 young (20480K), 5 survivors (20480K)
 Metaspace       used 144292K, committed 146688K, reserved 1179648K
  class space    used 19867K, committed 21056K, reserved 1048576K
}

